{"t":{"$date":"2026-04-16T09:50:43.045+05:30"},"s":"I",  "c":"CONTROL",  "id":97374,   "ctx":"thread1","msg":"Automatically disabling TLS 1.0 and TLS 1.1, to force-enable TLS 1.1 specify --sslDisabledProtocols 'TLS1_0'; to force-enable TLS 1.0 specify --sslDisabledProtocols 'none'"}
{"t":{"$date":"2026-04-16T09:50:43.148+05:30"},"s":"I",  "c":"NETWORK",  "id":4915701, "ctx":"thread1","msg":"Initialized wire specification","attr":{"spec":{"incomingExternalClient":{"minWireVersion":0,"maxWireVersion":27},"incomingInternalClient":{"minWireVersion":0,"maxWireVersion":27},"outgoing":{"minWireVersion":6,"maxWireVersion":27},"isInternalClient":true}}}
{"t":{"$date":"2026-04-16T09:50:43.164+05:30"},"s":"I",  "c":"CONTROL",  "id":5945603, "ctx":"thread1","msg":"Multi threading initialized"}
{"t":{"$date":"2026-04-16T09:50:43.164+05:30"},"s":"I",  "c":"CONTROL",  "id":4615611, "ctx":"initandlisten","msg":"MongoDB starting","attr":{"pid":18248,"port":27017,"dbPath":"data/mongodb/db","architecture":"64-bit","host":"DESKTOP-M0FIABB"}}
{"t":{"$date":"2026-04-16T09:50:43.164+05:30"},"s":"I",  "c":"CONTROL",  "id":23398,   "ctx":"initandlisten","msg":"Target operating system minimum version","attr":{"targetMinOS":"Windows 7/Windows Server 2008 R2"}}
{"t":{"$date":"2026-04-16T09:50:43.164+05:30"},"s":"I",  "c":"CONTROL",  "id":23403,   "ctx":"initandlisten","msg":"Build Info","attr":{"buildInfo":{"version":"8.2.5","gitVersion":"a471a13094434666c48a1f75451f2efa49f8f5df","modules":[],"allocator":"tcmalloc-gperf","environment":{"distmod":"windows"}}}}
{"t":{"$date":"2026-04-16T09:50:43.164+05:30"},"s":"I",  "c":"CONTROL",  "id":51765,   "ctx":"initandlisten","msg":"Operating System","attr":{"os":{"name":"Microsoft Windows Workstation (build 26100)","version":"10.0 (build 26100)"}}}
{"t":{"$date":"2026-04-16T09:50:43.164+05:30"},"s":"I",  "c":"CONTROL",  "id":21951,   "ctx":"initandlisten","msg":"Options set by command line","attr":{"options":{"net":{"bindIp":"127.0.0.1","port":27017},"storage":{"dbPath":"data\\mongodb\\db"},"systemLog":{"destination":"file","logAppend":true,"path":"data\\logs\\mongod-runtime.log"}}}}
{"t":{"$date":"2026-04-16T09:50:43.165+05:30"},"s":"W",  "c":"NETWORK",  "id":11621101,"ctx":"initandlisten","msg":"Overriding max connections to honor `capMemoryConsumptionForPreAuthBuffers` settings","attr":{"limit":102757}}
{"t":{"$date":"2026-04-16T09:50:43.165+05:30"},"s":"I",  "c":"NETWORK",  "id":4648601, "ctx":"initandlisten","msg":"Implicit TCP FastOpen unavailable. If TCP FastOpen is required, set at least one of the related parameters","attr":{"relatedParameters":["tcpFastOpenServer","tcpFastOpenClient","tcpFastOpenQueueSize"]}}
{"t":{"$date":"2026-04-16T09:50:43.200+05:30"},"s":"E",  "c":"CONTROL",  "id":20557,   "ctx":"initandlisten","msg":"DBException in initAndListen, terminating","attr":{"error":"DBPathInUse: Unable to create/open the lock file: data\\mongodb\\db\\mongod.lock (The process cannot access the file because it is being used by another process.). Ensure the user executing mongod is the owner of the lock file and has the appropriate permissions. Also make sure that another mongod instance is not already running on the data\\mongodb\\db directory"}}
{"t":{"$date":"2026-04-16T09:50:43.200+05:30"},"s":"I",  "c":"REPL",     "id":4784900, "ctx":"initandlisten","msg":"Stepping down the ReplicationCoordinator for shutdown","attr":{"waitTimeMillis":15000}}
{"t":{"$date":"2026-04-16T09:50:43.293+05:30"},"s":"I",  "c":"REPL",     "id":4794602, "ctx":"initandlisten","msg":"Attempting to enter quiesce mode"}
{"t":{"$date":"2026-04-16T09:50:43.293+05:30"},"s":"I",  "c":"-",        "id":6371601, "ctx":"initandlisten","msg":"Shutting down the FLE Crud thread pool"}
{"t":{"$date":"2026-04-16T09:50:43.309+05:30"},"s":"I",  "c":"COMMAND",  "id":4784901, "ctx":"initandlisten","msg":"Shutting down the MirrorMaestro"}
{"t":{"$date":"2026-04-16T09:50:43.309+05:30"},"s":"I",  "c":"SHARDING", "id":4784902, "ctx":"initandlisten","msg":"Shutting down the WaitForMajorityService"}
{"t":{"$date":"2026-04-16T09:50:43.309+05:30"},"s":"I",  "c":"NETWORK",  "id":8314100, "ctx":"initandlisten","msg":"Shutdown: Closing listener sockets"}
{"t":{"$date":"2026-04-16T09:50:43.309+05:30"},"s":"I",  "c":"NETWORK",  "id":4784905, "ctx":"initandlisten","msg":"Shutting down the global connection pool"}
{"t":{"$date":"2026-04-16T09:50:43.332+05:30"},"s":"I",  "c":"CONTROL",  "id":4784906, "ctx":"initandlisten","msg":"Shutting down the FlowControlTicketholder"}
{"t":{"$date":"2026-04-16T09:50:43.332+05:30"},"s":"I",  "c":"-",        "id":20520,   "ctx":"initandlisten","msg":"Stopping further Flow Control ticket acquisitions."}
{"t":{"$date":"2026-04-16T09:50:43.366+05:30"},"s":"I",  "c":"NETWORK",  "id":4784918, "ctx":"initandlisten","msg":"Shutting down the ReplicaSetMonitor"}
{"t":{"$date":"2026-04-16T09:50:43.376+05:30"},"s":"I",  "c":"SHARDING", "id":9439300, "ctx":"initandlisten","msg":"Shutting down the filtering metadata cache"}
{"t":{"$date":"2026-04-16T09:50:43.394+05:30"},"s":"I",  "c":"NETWORK",  "id":20562,   "ctx":"initandlisten","msg":"Shutdown: Closing open transport sessions"}
{"t":{"$date":"2026-04-16T09:50:43.394+05:30"},"s":"I",  "c":"NETWORK",  "id":4784923, "ctx":"initandlisten","msg":"Shutting down the ASIO transport SessionManager"}
{"t":{"$date":"2026-04-16T09:50:43.395+05:30"},"s":"I",  "c":"CONTROL",  "id":4784928, "ctx":"initandlisten","msg":"Shutting down the TTL monitor"}
{"t":{"$date":"2026-04-16T09:50:43.395+05:30"},"s":"I",  "c":"CONTROL",  "id":4784929, "ctx":"initandlisten","msg":"Acquiring the global lock for shutdown"}
{"t":{"$date":"2026-04-16T09:50:43.395+05:30"},"s":"I",  "c":"-",        "id":4784931, "ctx":"initandlisten","msg":"Dropping the scope cache for shutdown"}
{"t":{"$date":"2026-04-16T09:50:43.395+05:30"},"s":"I",  "c":"-",        "id":10175800,"ctx":"initandlisten","msg":"Shutting down the standalone executor"}
{"t":{"$date":"2026-04-16T09:50:43.395+05:30"},"s":"I",  "c":"CONTROL",  "id":20565,   "ctx":"initandlisten","msg":"Now exiting"}
{"t":{"$date":"2026-04-16T09:50:43.395+05:30"},"s":"I",  "c":"CONTROL",  "id":8423404, "ctx":"initandlisten","msg":"mongod shutdown complete","attr":{"Summary of time elapsed":{"Statistics":{"enterTerminalShutdownMillis":0,"stepDownReplCoordMillis":93,"quiesceModeMillis":0,"stopFLECrudMillis":0,"shutDownMirrorMaestroMillis":5,"shutDownWaitForMajorityServiceMillis":0,"shutDownGlobalConnectionPoolMillis":23,"shutDownSearchTaskExecutorsMillis":0,"shutDownFlowControlTicketHolderMillis":0,"shutDownReplicaSetMonitorMillis":0,"shutDownTransportLayerMillis":0,"shutDownTTLMonitorMillis":1,"shutDownExpiredDocumentRemoverMillis":0,"shutDownOtelMetricsMillis":0,"shutDownFTDCMillis":0,"shutDownReplicaSetNodeExecutorMillis":0,"shutDownOCSPMillis":0,"shutdownTaskTotalMillis":195}}}}
{"t":{"$date":"2026-04-16T09:50:43.409+05:30"},"s":"I",  "c":"CONTROL",  "id":23138,   "ctx":"initandlisten","msg":"Shutting down","attr":{"exitCode":100}}
